<?xml version="1.0" encoding="UTF-8"?>
<testsuite name="com.proyectfinal.file.ProyectApplicationTests" tests="1" skipped="0" failures="0" errors="0" timestamp="2021-11-26T02:01:04" hostname="DESKTOP-03DM8MH" time="0.543">
  <properties/>
  <testcase name="contextLoads()" classname="com.proyectfinal.file.ProyectApplicationTests" time="0.543"/>
  <system-out><![CDATA[03:00:59.517 [Test worker] DEBUG org.springframework.test.context.BootstrapUtils - Instantiating CacheAwareContextLoaderDelegate from class [org.springframework.test.context.cache.DefaultCacheAwareContextLoaderDelegate]
03:00:59.548 [Test worker] DEBUG org.springframework.test.context.BootstrapUtils - Instantiating BootstrapContext using constructor [public org.springframework.test.context.support.DefaultBootstrapContext(java.lang.Class,org.springframework.test.context.CacheAwareContextLoaderDelegate)]
03:00:59.642 [Test worker] DEBUG org.springframework.test.context.BootstrapUtils - Instantiating TestContextBootstrapper for test class [com.proyectfinal.file.ProyectApplicationTests] from class [org.springframework.boot.test.context.SpringBootTestContextBootstrapper]
03:00:59.675 [Test worker] INFO org.springframework.boot.test.context.SpringBootTestContextBootstrapper - Neither @ContextConfiguration nor @ContextHierarchy found for test class [com.proyectfinal.file.ProyectApplicationTests], using SpringBootContextLoader
03:00:59.686 [Test worker] DEBUG org.springframework.test.context.support.AbstractContextLoader - Did not detect default resource location for test class [com.proyectfinal.file.ProyectApplicationTests]: class path resource [com/proyectfinal/file/ProyectApplicationTests-context.xml] does not exist
03:00:59.687 [Test worker] DEBUG org.springframework.test.context.support.AbstractContextLoader - Did not detect default resource location for test class [com.proyectfinal.file.ProyectApplicationTests]: class path resource [com/proyectfinal/file/ProyectApplicationTestsContext.groovy] does not exist
03:00:59.688 [Test worker] INFO org.springframework.test.context.support.AbstractContextLoader - Could not detect default resource locations for test class [com.proyectfinal.file.ProyectApplicationTests]: no resource found for suffixes {-context.xml, Context.groovy}.
03:00:59.689 [Test worker] INFO org.springframework.test.context.support.AnnotationConfigContextLoaderUtils - Could not detect default configuration classes for test class [com.proyectfinal.file.ProyectApplicationTests]: ProyectApplicationTests does not declare any static, non-private, non-final, nested classes annotated with @Configuration.
03:00:59.787 [Test worker] DEBUG org.springframework.test.context.support.ActiveProfilesUtils - Could not find an 'annotation declaring class' for annotation type [org.springframework.test.context.ActiveProfiles] and class [com.proyectfinal.file.ProyectApplicationTests]
03:00:59.936 [Test worker] DEBUG org.springframework.context.annotation.ClassPathScanningCandidateComponentProvider - Identified candidate component class: file [C:\Users\Pao\Desktop\paolaEscritorio\Proyect\build\classes\java\main\com\proyectfinal\file\ProjectApplication.class]
03:00:59.939 [Test worker] INFO org.springframework.boot.test.context.SpringBootTestContextBootstrapper - Found @SpringBootConfiguration com.proyectfinal.file.ProjectApplication for test class com.proyectfinal.file.ProyectApplicationTests
03:01:00.198 [Test worker] DEBUG org.springframework.boot.test.context.SpringBootTestContextBootstrapper - @TestExecutionListeners is not present for class [com.proyectfinal.file.ProyectApplicationTests]: using defaults.
03:01:00.199 [Test worker] INFO org.springframework.boot.test.context.SpringBootTestContextBootstrapper - Loaded default TestExecutionListener class names from location [META-INF/spring.factories]: [org.springframework.boot.test.autoconfigure.restdocs.RestDocsTestExecutionListener, org.springframework.boot.test.autoconfigure.web.client.MockRestServiceServerResetTestExecutionListener, org.springframework.boot.test.autoconfigure.web.servlet.MockMvcPrintOnlyOnFailureTestExecutionListener, org.springframework.boot.test.autoconfigure.web.servlet.WebDriverTestExecutionListener, org.springframework.boot.test.autoconfigure.webservices.client.MockWebServiceServerTestExecutionListener, org.springframework.boot.test.mock.mockito.MockitoTestExecutionListener, org.springframework.boot.test.mock.mockito.ResetMocksTestExecutionListener, org.springframework.test.context.web.ServletTestExecutionListener, org.springframework.test.context.support.DirtiesContextBeforeModesTestExecutionListener, org.springframework.test.context.event.ApplicationEventsTestExecutionListener, org.springframework.test.context.support.DependencyInjectionTestExecutionListener, org.springframework.test.context.support.DirtiesContextTestExecutionListener, org.springframework.test.context.transaction.TransactionalTestExecutionListener, org.springframework.test.context.jdbc.SqlScriptsTestExecutionListener, org.springframework.test.context.event.EventPublishingTestExecutionListener]
03:01:00.226 [Test worker] DEBUG org.springframework.boot.test.context.SpringBootTestContextBootstrapper - Skipping candidate TestExecutionListener [org.springframework.test.context.transaction.TransactionalTestExecutionListener] due to a missing dependency. Specify custom listener classes or make the default listener classes and their required dependencies available. Offending class: [org/springframework/transaction/interceptor/TransactionAttributeSource]
03:01:00.228 [Test worker] DEBUG org.springframework.boot.test.context.SpringBootTestContextBootstrapper - Skipping candidate TestExecutionListener [org.springframework.test.context.jdbc.SqlScriptsTestExecutionListener] due to a missing dependency. Specify custom listener classes or make the default listener classes and their required dependencies available. Offending class: [org/springframework/transaction/interceptor/TransactionAttribute]
03:01:00.228 [Test worker] INFO org.springframework.boot.test.context.SpringBootTestContextBootstrapper - Using TestExecutionListeners: [org.springframework.test.context.web.ServletTestExecutionListener@5b550074, org.springframework.test.context.support.DirtiesContextBeforeModesTestExecutionListener@73610cb2, org.springframework.test.context.event.ApplicationEventsTestExecutionListener@de5f8ff, org.springframework.boot.test.mock.mockito.MockitoTestExecutionListener@7dc5abe9, org.springframework.boot.test.autoconfigure.SpringBootDependencyInjectionTestExecutionListener@ee05285, org.springframework.test.context.support.DirtiesContextTestExecutionListener@751fcb77, org.springframework.test.context.event.EventPublishingTestExecutionListener@579ff72b, org.springframework.boot.test.autoconfigure.restdocs.RestDocsTestExecutionListener@75584d2, org.springframework.boot.test.autoconfigure.web.client.MockRestServiceServerResetTestExecutionListener@b2d8ac7, org.springframework.boot.test.autoconfigure.web.servlet.MockMvcPrintOnlyOnFailureTestExecutionListener@62bca6, org.springframework.boot.test.autoconfigure.web.servlet.WebDriverTestExecutionListener@28ec352e, org.springframework.boot.test.autoconfigure.webservices.client.MockWebServiceServerTestExecutionListener@33447f5, org.springframework.boot.test.mock.mockito.ResetMocksTestExecutionListener@64288ee6]
03:01:00.236 [Test worker] DEBUG org.springframework.test.context.support.AbstractDirtiesContextTestExecutionListener - Before test class: context [DefaultTestContext@6554f5fc testClass = ProyectApplicationTests, testInstance = [null], testMethod = [null], testException = [null], mergedContextConfiguration = [WebMergedContextConfiguration@4aa218d8 testClass = ProyectApplicationTests, locations = '{}', classes = '{class com.proyectfinal.file.ProjectApplication}', contextInitializerClasses = '[]', activeProfiles = '{}', propertySourceLocations = '{}', propertySourceProperties = '{org.springframework.boot.test.context.SpringBootTestContextBootstrapper=true}', contextCustomizers = set[org.springframework.boot.test.autoconfigure.actuate.metrics.MetricsExportContextCustomizerFactory$DisableMetricExportContextCustomizer@fb07113, org.springframework.boot.test.autoconfigure.properties.PropertyMappingContextCustomizer@0, org.springframework.boot.test.autoconfigure.web.servlet.WebDriverContextCustomizerFactory$Customizer@2dc293e4, org.springframework.boot.test.context.filter.ExcludeFilterContextCustomizer@12e842bd, org.springframework.boot.test.json.DuplicateJsonObjectContextCustomizerFactory$DuplicateJsonObjectContextCustomizer@715a3338, org.springframework.boot.test.mock.mockito.MockitoContextCustomizer@0, org.springframework.boot.test.web.client.TestRestTemplateContextCustomizer@23234cc2, org.springframework.boot.test.context.SpringBootTestArgs@1, org.springframework.boot.test.context.SpringBootTestWebEnvironment@6ccd180c], resourceBasePath = 'src/main/webapp', contextLoader = 'org.springframework.boot.test.context.SpringBootContextLoader', parent = [null]], attributes = map['org.springframework.test.context.web.ServletTestExecutionListener.activateListener' -> true]], class annotated with @DirtiesContext [false] with mode [null].
03:01:00.300 [Test worker] DEBUG org.springframework.test.context.support.TestPropertySourceUtils - Adding inlined properties to environment: {spring.jmx.enabled=false, org.springframework.boot.test.context.SpringBootTestContextBootstrapper=true}

  .   ____          _            __ _ _
 /\\ / ___'_ __ _ _(_)_ __  __ _ \ \ \ \
( ( )\___ | '_ | '_| | '_ \/ _` | \ \ \ \
 \\/  ___)| |_)| | | | | || (_| |  ) ) ) )
  '  |____| .__|_| |_|_| |_\__, | / / / /
 =========|_|==============|___/=/_/_/_/
 :: Spring Boot ::                (v2.5.3)

2021-11-26 03:01:00.937  INFO 15856 --- [    Test worker] c.p.file.ProyectApplicationTests         : Starting ProyectApplicationTests using Java 1.8.0_241 on DESKTOP-03DM8MH with PID 15856 (started by Pao in C:\Users\Pao\Desktop\paolaEscritorio\Proyect)
2021-11-26 03:01:00.942  INFO 15856 --- [    Test worker] c.p.file.ProyectApplicationTests         : No active profile set, falling back to default profiles: default
2021-11-26 03:01:04.064  INFO 15856 --- [    Test worker] c.p.file.ProyectApplicationTests         : Started ProyectApplicationTests in 3.748 seconds (JVM running for 6.59)
]]></system-out>
  <system-err><![CDATA[]]></system-err>
</testsuite>
